c:\users\thake\desktop\sem 2\btp 200\oop workshops\ws1\lab\x64\debug\vc142.pdb
c:\users\thake\desktop\sem 2\btp 200\oop workshops\ws1\lab\x64\debug\vc142.idb
c:\users\thake\desktop\sem 2\btp 200\oop workshops\ws1\lab\x64\debug\utils.obj
c:\users\thake\desktop\sem 2\btp 200\oop workshops\ws1\lab\x64\debug\shoppingrec.obj
c:\users\thake\desktop\sem 2\btp 200\oop workshops\ws1\lab\x64\debug\shoppinglistapp.obj
c:\users\thake\desktop\sem 2\btp 200\oop workshops\ws1\lab\x64\debug\shoppinglist.obj
c:\users\thake\desktop\sem 2\btp 200\oop workshops\ws1\lab\x64\debug\file.obj
c:\users\thake\desktop\sem 2\btp 200\oop workshops\ws1\lab\x64\debug\ws1 (lab).ilk
c:\users\thake\desktop\sem 2\btp 200\oop workshops\ws1\lab\x64\debug\ws1 (lab).exe
c:\users\thake\desktop\sem 2\btp 200\oop workshops\ws1\lab\x64\debug\ws1 (lab).pdb
c:\users\thake\desktop\sem 2\btp 200\oop workshops\ws1\lab\x64\debug\ws2 (diy).ilk
c:\users\thake\desktop\sem 2\btp 200\oop workshops\ws1\lab\x64\debug\ws2 (lab).ilk
c:\users\thake\desktop\sem 2\btp 200\oop workshops\ws1\lab\x64\debug\ws3 (lab).ilk
c:\users\thake\desktop\sem 2\btp 200\oop workshops\ws1\lab\x64\debug\ws3(diy).ilk
c:\users\thake\desktop\sem 2\btp 200\oop workshops\ws1\lab\x64\debug\ws4 (diy).ilk
c:\users\thake\desktop\sem 2\btp 200\oop workshops\ws1\lab\x64\debug\ws4 (lab).ilk
c:\users\thake\desktop\sem 2\btp 200\oop workshops\ws1\lab\x64\debug\ws5 (diy).ilk
c:\users\thake\desktop\sem 2\btp 200\oop workshops\ws1\lab\x64\debug\ws5 (lab).ilk
c:\users\thake\desktop\sem 2\btp 200\oop workshops\ws1\lab\x64\debug\ws6 (diy).ilk
c:\users\thake\desktop\sem 2\btp 200\oop workshops\ws1\lab\x64\debug\ws6 (lab).ilk
c:\users\thake\desktop\sem 2\btp 200\oop workshops\ws1\lab\x64\debug\ws7.ilk
c:\users\thake\desktop\sem 2\btp 200\oop workshops\ws1\lab\x64\debug\ws2 (diy).pdb
c:\users\thake\desktop\sem 2\btp 200\oop workshops\ws1\lab\x64\debug\ws2 (lab).pdb
c:\users\thake\desktop\sem 2\btp 200\oop workshops\ws1\lab\x64\debug\ws3 (lab).pdb
c:\users\thake\desktop\sem 2\btp 200\oop workshops\ws1\lab\x64\debug\ws3(diy).pdb
c:\users\thake\desktop\sem 2\btp 200\oop workshops\ws1\lab\x64\debug\ws4 (diy).pdb
c:\users\thake\desktop\sem 2\btp 200\oop workshops\ws1\lab\x64\debug\ws4 (lab).pdb
c:\users\thake\desktop\sem 2\btp 200\oop workshops\ws1\lab\x64\debug\ws5 (diy).pdb
c:\users\thake\desktop\sem 2\btp 200\oop workshops\ws1\lab\x64\debug\ws5 (lab).pdb
c:\users\thake\desktop\sem 2\btp 200\oop workshops\ws1\lab\x64\debug\ws6 (diy).pdb
c:\users\thake\desktop\sem 2\btp 200\oop workshops\ws1\lab\x64\debug\ws6 (lab).pdb
c:\users\thake\desktop\sem 2\btp 200\oop workshops\ws1\lab\x64\debug\ws7.pdb
c:\users\thake\desktop\sem 2\btp 200\oop workshops\ws1\lab\x64\debug\ws8.pdb
c:\users\thake\desktop\sem 2\btp 200\oop workshops\ws1\lab\x64\debug\ws1 (lab).tlog\cl.command.1.tlog
c:\users\thake\desktop\sem 2\btp 200\oop workshops\ws1\lab\x64\debug\ws1 (lab).tlog\cl.read.1.tlog
c:\users\thake\desktop\sem 2\btp 200\oop workshops\ws1\lab\x64\debug\ws1 (lab).tlog\cl.write.1.tlog
c:\users\thake\desktop\sem 2\btp 200\oop workshops\ws1\lab\x64\debug\ws1 (lab).tlog\link.command.1.tlog
c:\users\thake\desktop\sem 2\btp 200\oop workshops\ws1\lab\x64\debug\ws1 (lab).tlog\link.read.1.tlog
c:\users\thake\desktop\sem 2\btp 200\oop workshops\ws1\lab\x64\debug\ws1 (lab).tlog\link.write.1.tlog
